<?xml version="1.0" encoding="utf-8"?><testsuites name="pytest tests"><testsuite name="pytest" errors="0" failures="0" skipped="0" tests="10" time="5.593" timestamp="2026-04-19T15:15:24.113735+05:30" hostname="DESKTOP-Q907P87"><testcase classname="tests.test_api" name="test_session_valid" time="5.073" /><testcase classname="tests.test_api" name="test_session_invalid" time="0.014" /><testcase classname="tests.test_api" name="test_session_missing_field" time="0.006" /><testcase classname="tests.test_api" name="test_read_did_valid" time="0.007" /><testcase classname="tests.test_api" name="test_read_did_invalid" time="0.009" /><testcase classname="tests.test_api" name="test_read_did_missing" time="0.008" /><testcase classname="tests.test_uds" name="test_session_control" time="0.001" /><testcase classname="tests.test_uds" name="test_read_did" time="0.001" /><testcase classname="tests.test_uds" name="test_invalid_session" time="0.001" /><testcase classname="tests.test_uds" name="test_api_session" time="0.011" /></testsuite></testsuites>